<?xml version="1.0" encoding="UTF-8"?>
<!-- Generated by org.testng.reporters.JUnitXMLReporter -->
<testsuite ignored="2" hostname="Guru" failures="0" tests="1" name="Default test" time="10.191" errors="0" timestamp="2025-08-02T14:09:57 IST">
  <testcase classname="testcases.LoginTests" name="testForgotPassword" time="0.491"/>
  <testcase classname="testcases.LoginTests" name="testInvalidLogin" time="0.0">
    <ignored/>
  </testcase> <!-- testInvalidLogin -->
  <testcase classname="testcases.LoginTests" name="testValidLogin" time="0.0">
    <ignored/>
  </testcase> <!-- testValidLogin -->
</testsuite> <!-- Default test -->
