<?xml version="1.0" encoding="UTF-8"?>
<!-- Generated by org.testng.reporters.JUnitXMLReporter -->
<testsuite ignored="0" hostname="Guru" failures="0" tests="3" name="Test" time="18.946" errors="0" timestamp="2025-08-02T14:34:59 IST">
  <testcase classname="testcases.LoginTests" name="testForgotPassword" time="0.513"/>
  <testcase classname="testcases.LoginTests" name="testInvalidLogin" time="2.617"/>
  <testcase classname="testcases.LoginTests" name="testValidLogin" time="2.729"/>
</testsuite> <!-- Test -->
