<?xml version="1.0" encoding="UTF-8"?>
<testng-results ignored="0" total="3" passed="3" failed="0" skipped="0">
  <reporter-output>
  </reporter-output>
  <suite started-at="2025-08-02T14:34:40 IST" name="Suite" finished-at="2025-08-02T14:34:59 IST" duration-ms="18946">
    <groups>
    </groups>
    <test started-at="2025-08-02T14:34:40 IST" name="Test" finished-at="2025-08-02T14:34:59 IST" duration-ms="18946">
      <class name="testcases.LoginTests">
        <test-method is-config="true" signature="setUp()[pri:0, instance:testcases.LoginTests@31190526]" started-at="2025-08-02T14:34:40 IST" name="setUp" finished-at="2025-08-02T14:34:48 IST" duration-ms="7445" status="PASS">
          <reporter-output>
          </reporter-output>
        </test-method> <!-- setUp -->
        <test-method is-config="true" signature="beforeEachTest()[pri:0, instance:testcases.LoginTests@31190526]" started-at="2025-08-02T14:34:48 IST" name="beforeEachTest" finished-at="2025-08-02T14:34:50 IST" duration-ms="1942" status="PASS">
          <reporter-output>
          </reporter-output>
        </test-method> <!-- beforeEachTest -->
        <test-method signature="testForgotPassword()[pri:0, instance:testcases.LoginTests@31190526]" started-at="2025-08-02T14:34:50 IST" name="testForgotPassword" finished-at="2025-08-02T14:34:50 IST" duration-ms="513" status="PASS">
          <reporter-output>
          </reporter-output>
        </test-method> <!-- testForgotPassword -->
        <test-method is-config="true" signature="beforeEachTest()[pri:0, instance:testcases.LoginTests@31190526]" started-at="2025-08-02T14:34:50 IST" name="beforeEachTest" finished-at="2025-08-02T14:34:52 IST" duration-ms="1967" status="PASS">
          <reporter-output>
          </reporter-output>
        </test-method> <!-- beforeEachTest -->
        <test-method signature="testInvalidLogin()[pri:0, instance:testcases.LoginTests@31190526]" started-at="2025-08-02T14:34:52 IST" name="testInvalidLogin" finished-at="2025-08-02T14:34:55 IST" duration-ms="2617" status="PASS">
          <reporter-output>
          </reporter-output>
        </test-method> <!-- testInvalidLogin -->
        <test-method is-config="true" signature="beforeEachTest()[pri:0, instance:testcases.LoginTests@31190526]" started-at="2025-08-02T14:34:55 IST" name="beforeEachTest" finished-at="2025-08-02T14:34:56 IST" duration-ms="1397" status="PASS">
          <reporter-output>
          </reporter-output>
        </test-method> <!-- beforeEachTest -->
        <test-method signature="testValidLogin()[pri:0, instance:testcases.LoginTests@31190526]" started-at="2025-08-02T14:34:56 IST" name="testValidLogin" finished-at="2025-08-02T14:34:59 IST" duration-ms="2729" status="PASS">
          <reporter-output>
          </reporter-output>
        </test-method> <!-- testValidLogin -->
        <test-method is-config="true" signature="tearDown()[pri:0, instance:testcases.LoginTests@31190526]" started-at="2025-08-02T14:34:59 IST" name="tearDown" finished-at="2025-08-02T14:34:59 IST" duration-ms="277" status="PASS">
          <reporter-output>
          </reporter-output>
        </test-method> <!-- tearDown -->
      </class> <!-- testcases.LoginTests -->
    </test> <!-- Test -->
  </suite> <!-- Suite -->
</testng-results>
